#
# There is insufficient memory for the Java Runtime Environment to continue.
# Native memory allocation (malloc) failed to allocate 32744 bytes. Error detail: Chunk::new
# Possible reasons:
#   The system is out of physical RAM or swap space
#   This process is running with CompressedOops enabled, and the Java Heap may be blocking the growth of the native heap
# Possible solutions:
#   Reduce memory load on the system
#   Increase physical memory or swap space
#   Check if swap backing store is full
#   Decrease Java heap size (-Xmx/-Xms)
#   Decrease number of Java threads
#   Decrease Java thread stack sizes (-Xss)
#   Set larger code cache with -XX:ReservedCodeCacheSize=
#   JVM is running with Unscaled Compressed Oops mode in which the Java heap is
#     placed in the first 4GB address space. The Java Heap base address is the
#     maximum limit for the native heap growth. Please use -XX:HeapBaseMinAddress
#     to set the Java Heap base and to place the Java Heap above 4GB virtual address.
# This output file may be truncated or incomplete.
#
#  Out of Memory Error (arena.cpp:168), pid=13896, tid=10792
#
# JRE version: OpenJDK Runtime Environment Temurin-21.0.3+9 (21.0.3+9) (build 21.0.3+9-LTS)
# Java VM: OpenJDK 64-Bit Server VM Temurin-21.0.3+9 (21.0.3+9-LTS, mixed mode, emulated-client, sharing, tiered, compressed oops, compressed class ptrs, g1 gc, windows-amd64)
# No core dump will be written. Minidumps are not enabled by default on client versions of Windows
#

---------------  S U M M A R Y ------------

Command Line: -Dcom.sun.management.jmxremote -Dcom.sun.management.jmxremote.port=54436 -Dcom.sun.management.jmxremote.authenticate=false -Dcom.sun.management.jmxremote.ssl=false -Djava.rmi.server.hostname=localhost -Dspring.jmx.enabled=true -Dmanagement.endpoints.jmx.exposure.include=* -Dspring.application.admin.enabled=true -Dspring.output.ansi.enabled=always -XX:TieredStopAtLevel=1 -Dspring.boot.project.name=projeto -Dfile.encoding=UTF-8 -Dstdout.encoding=UTF-8 -Dstderr.encoding=UTF-8 -XX:+ShowCodeDetailsInExceptionMessages br.com.victor.projeto.ProjetoApplication

Host: Intel(R) Celeron(R) N4020 CPU @ 1.10GHz, 2 cores, 3G,  Windows 10 , 64 bit Build 19041 (10.0.19041.5794)
Time: Sun Jun  1 10:51:38 2025 Hora oficial do Brasil elapsed time: 13.860379 seconds (0d 0h 0m 13s)

---------------  T H R E A D  ---------------

Current thread (0x00000284f652d6a0):  JavaThread "C1 CompilerThread0" daemon [_thread_in_native, id=10792, stack(0x000000a33cb00000,0x000000a33cc00000) (1024K)]


Current CompileTask:
C1:  13860 4099   !   1       java.lang.invoke.InnerClassLambdaMetafactory::generateInnerClass (506 bytes)

Stack: [0x000000a33cb00000,0x000000a33cc00000]
Native frames: (J=compiled Java code, j=interpreted, Vv=VM code, C=native code)
V  [jvm.dll+0x6c8699]
V  [jvm.dll+0x8a2061]
V  [jvm.dll+0x8a458e]
V  [jvm.dll+0x8a4c63]
V  [jvm.dll+0x27e476]
V  [jvm.dll+0xc4a1d]
V  [jvm.dll+0xc4f53]
V  [jvm.dll+0x199321]
V  [jvm.dll+0x19c035]
V  [jvm.dll+0x19c5f7]
V  [jvm.dll+0x194f31]
V  [jvm.dll+0x194405]
V  [jvm.dll+0x19d09b]
V  [jvm.dll+0x1956b8]
V  [jvm.dll+0x1984f2]
V  [jvm.dll+0x153123]
V  [jvm.dll+0x152968]
V  [jvm.dll+0x152bb4]
V  [jvm.dll+0x151fe6]
V  [jvm.dll+0x153dbd]
V  [jvm.dll+0x255719]
V  [jvm.dll+0x253cba]
V  [jvm.dll+0x3ec1e6]
V  [jvm.dll+0x84bf8b]
V  [jvm.dll+0x6c6dcd]
C  [ucrtbase.dll+0x21bb2]
C  [KERNEL32.DLL+0x17374]
C  [ntdll.dll+0x4cc91]


---------------  P R O C E S S  ---------------

Threads class SMR info:
_java_thread_list=0x00000284fbed5630, length=19, elements={
0x00000284e7cbe9b0, 0x00000284e7d8ddf0, 0x00000284f6527ff0, 0x00000284f6528bb0,
0x00000284f652b780, 0x00000284f652c1e0, 0x00000284f652cc40, 0x00000284f652d6a0,
0x00000284f65b8d20, 0x00000284f6783d80, 0x00000284fb146af0, 0x00000284fb15b760,
0x00000284fb193f60, 0x00000284fb1cb900, 0x00000284fb213f30, 0x00000284fb1cbf70,
0x00000284fb2358d0, 0x00000284fb652570, 0x00000284fb6504a0
}

Java Threads: ( => current thread )
  0x00000284e7cbe9b0 JavaThread "main"                              [_thread_blocked, id=13660, stack(0x000000a33bd00000,0x000000a33be00000) (1024K)]
  0x00000284e7d8ddf0 JavaThread "Reference Handler"          daemon [_thread_blocked, id=11448, stack(0x000000a33c500000,0x000000a33c600000) (1024K)]
  0x00000284f6527ff0 JavaThread "Finalizer"                  daemon [_thread_blocked, id=10940, stack(0x000000a33c600000,0x000000a33c700000) (1024K)]
  0x00000284f6528bb0 JavaThread "Signal Dispatcher"          daemon [_thread_blocked, id=5556, stack(0x000000a33c700000,0x000000a33c800000) (1024K)]
  0x00000284f652b780 JavaThread "Attach Listener"            daemon [_thread_blocked, id=11916, stack(0x000000a33c800000,0x000000a33c900000) (1024K)]
  0x00000284f652c1e0 JavaThread "Service Thread"             daemon [_thread_blocked, id=604, stack(0x000000a33c900000,0x000000a33ca00000) (1024K)]
  0x00000284f652cc40 JavaThread "Monitor Deflation Thread"   daemon [_thread_blocked, id=3332, stack(0x000000a33ca00000,0x000000a33cb00000) (1024K)]
=>0x00000284f652d6a0 JavaThread "C1 CompilerThread0"         daemon [_thread_in_native, id=10792, stack(0x000000a33cb00000,0x000000a33cc00000) (1024K)]
  0x00000284f65b8d20 JavaThread "Common-Cleaner"             daemon [_thread_blocked, id=2672, stack(0x000000a33cc00000,0x000000a33cd00000) (1024K)]
  0x00000284f6783d80 JavaThread "Notification Thread"        daemon [_thread_blocked, id=4416, stack(0x000000a33cd00000,0x000000a33ce00000) (1024K)]
  0x00000284fb146af0 JavaThread "RMI TCP Accept-0"           daemon [_thread_in_native, id=12176, stack(0x000000a33d000000,0x000000a33d100000) (1024K)]
  0x00000284fb15b760 JavaThread "RMI TCP Accept-54436"       daemon [_thread_in_native, id=244, stack(0x000000a33d100000,0x000000a33d200000) (1024K)]
  0x00000284fb193f60 JavaThread "RMI TCP Accept-0"           daemon [_thread_in_native, id=10380, stack(0x000000a33d200000,0x000000a33d300000) (1024K)]
  0x00000284fb1cb900 JavaThread "RMI TCP Connection(1)-127.0.0.1" daemon [_thread_in_native, id=3212, stack(0x000000a33d300000,0x000000a33d400000) (1024K)]
  0x00000284fb213f30 JavaThread "RMI TCP Connection(2)-127.0.0.1" daemon [_thread_in_native, id=1484, stack(0x000000a33d400000,0x000000a33d500000) (1024K)]
  0x00000284fb1cbf70 JavaThread "RMI Scheduler(0)"           daemon [_thread_blocked, id=11636, stack(0x000000a33d500000,0x000000a33d600000) (1024K)]
  0x00000284fb2358d0 JavaThread "JMX server connection timeout 27" daemon [_thread_blocked, id=12300, stack(0x000000a33d600000,0x000000a33d700000) (1024K)]
  0x00000284fb652570 JavaThread "Thread-0"                          [_thread_blocked, id=6888, stack(0x000000a33d700000,0x000000a33d800000) (1024K)]
  0x00000284fb6504a0 JavaThread "restartedMain"                     [_thread_in_vm, id=3848, stack(0x000000a33d800000,0x000000a33d900000) (1024K)]
Total: 19

Other Threads:
  0x00000284e7d7b5a0 VMThread "VM Thread"                           [id=6968, stack(0x000000a33c400000,0x000000a33c500000) (1024K)]
  0x00000284e7d66930 WatcherThread "VM Periodic Task Thread"        [id=12772, stack(0x000000a33c300000,0x000000a33c400000) (1024K)]
  0x00000284e7cffc40 WorkerThread "GC Thread#0"                     [id=2984, stack(0x000000a33be00000,0x000000a33bf00000) (1024K)]
  0x00000284f6b02e60 WorkerThread "GC Thread#1"                     [id=2012, stack(0x000000a33ce00000,0x000000a33cf00000) (1024K)]
  0x00000284e7d085b0 ConcurrentGCThread "G1 Main Marker"            [id=10056, stack(0x000000a33bf00000,0x000000a33c000000) (1024K)]
  0x00000284e7d09920 WorkerThread "G1 Conc#0"                       [id=12312, stack(0x000000a33c000000,0x000000a33c100000) (1024K)]
  0x00000284e7d534e0 ConcurrentGCThread "G1 Refine#0"               [id=14064, stack(0x000000a33c100000,0x000000a33c200000) (1024K)]
  0x00000284e7d548b0 ConcurrentGCThread "G1 Service"                [id=5740, stack(0x000000a33c200000,0x000000a33c300000) (1024K)]
Total: 8

Threads with active compile tasks:
C1 CompilerThread0    13892 4099   !   1       java.lang.invoke.InnerClassLambdaMetafactory::generateInnerClass (506 bytes)
Total: 1

VM state: not at safepoint (normal execution)

VM Mutex/Monitor currently owned by a thread: None

Heap address: 0x00000000c2c00000, size: 980 MB, Compressed Oops mode: 32-bit

CDS archive(s) mapped at: [0x0000028480000000-0x0000028480c90000-0x0000028480c90000), size 13172736, SharedBaseAddress: 0x0000028480000000, ArchiveRelocationMode: 1.
Compressed class space mapped at: 0x0000028481000000-0x00000284c1000000, reserved size: 1073741824
Narrow klass base: 0x0000028480000000, Narrow klass shift: 0, Narrow klass range: 0x100000000

GC Precious Log:
 CardTable entry size: 512
 Card Set container configuration: InlinePtr #cards 5 size 8 Array Of Cards #cards 12 size 40 Howl #buckets 4 coarsen threshold 1843 Howl Bitmap #cards 512 size 80 coarsen threshold 460 Card regions per heap region 1 cards per card region 2048
 CPUs: 2 total, 2 available
 Memory: 3916M
 Large Page Support: Disabled
 NUMA Support: Disabled
 Compressed Oops: Enabled (32-bit)
 Heap Region Size: 1M
 Heap Min Capacity: 8M
 Heap Initial Capacity: 62M
 Heap Max Capacity: 980M
 Pre-touch: Disabled
 Parallel Workers: 2
 Concurrent Workers: 1
 Concurrent Refinement Workers: 2
 Periodic GC: Disabled

Heap:
 garbage-first heap   total 51200K, used 31156K [0x00000000c2c00000, 0x0000000100000000)
  region size 1024K, 18 young (18432K), 3 survivors (3072K)
 Metaspace       used 26345K, committed 26816K, reserved 1114112K
  class space    used 3666K, committed 3904K, reserved 1048576K

Heap Regions: E=young(eden), S=young(survivor), O=old, HS=humongous(starts), HC=humongous(continues), CS=collection set, F=free, TAMS=top-at-mark-start, PB=parsable bottom
|   0|0x00000000c2c00000, 0x00000000c2d00000, 0x00000000c2d00000|100%|HS|  |TAMS 0x00000000c2c00000| PB 0x00000000c2c00000| Complete 
|   1|0x00000000c2d00000, 0x00000000c2e00000, 0x00000000c2e00000|100%|HS|  |TAMS 0x00000000c2d00000| PB 0x00000000c2d00000| Complete 
|   2|0x00000000c2e00000, 0x00000000c2f00000, 0x00000000c2f00000|100%| O|  |TAMS 0x00000000c2e00000| PB 0x00000000c2e00000| Untracked 
|   3|0x00000000c2f00000, 0x00000000c3000000, 0x00000000c3000000|100%| O|  |TAMS 0x00000000c2f00000| PB 0x00000000c2f00000| Untracked 
|   4|0x00000000c3000000, 0x00000000c3100000, 0x00000000c3100000|100%| O|  |TAMS 0x00000000c3000000| PB 0x00000000c3000000| Untracked 
|   5|0x00000000c3100000, 0x00000000c3200000, 0x00000000c3200000|100%| O|  |TAMS 0x00000000c3100000| PB 0x00000000c3100000| Untracked 
|   6|0x00000000c3200000, 0x00000000c3300000, 0x00000000c3300000|100%| O|  |TAMS 0x00000000c3200000| PB 0x00000000c3200000| Untracked 
|   7|0x00000000c3300000, 0x00000000c3400000, 0x00000000c3400000|100%| O|  |TAMS 0x00000000c3300000| PB 0x00000000c3300000| Untracked 
|   8|0x00000000c3400000, 0x00000000c3500000, 0x00000000c3500000|100%| O|  |TAMS 0x00000000c3400000| PB 0x00000000c3400000| Untracked 
|   9|0x00000000c3500000, 0x00000000c3600000, 0x00000000c3600000|100%| O|  |TAMS 0x00000000c3500000| PB 0x00000000c3500000| Untracked 
|  10|0x00000000c3600000, 0x00000000c3700000, 0x00000000c3700000|100%| O|  |TAMS 0x00000000c3600000| PB 0x00000000c3600000| Untracked 
|  11|0x00000000c3700000, 0x00000000c3800000, 0x00000000c3800000|100%| O|  |TAMS 0x00000000c3700000| PB 0x00000000c3700000| Untracked 
|  12|0x00000000c3800000, 0x00000000c3900000, 0x00000000c3900000|100%| O|  |TAMS 0x00000000c3800000| PB 0x00000000c3800000| Untracked 
|  13|0x00000000c3900000, 0x00000000c399fef0, 0x00000000c3a00000| 62%| O|Cm|TAMS 0x00000000c3900000| PB 0x00000000c3900000| Complete 
|  14|0x00000000c3a00000, 0x00000000c3a00000, 0x00000000c3b00000|  0%| F|  |TAMS 0x00000000c3a00000| PB 0x00000000c3a00000| Untracked 
|  15|0x00000000c3b00000, 0x00000000c3b00000, 0x00000000c3c00000|  0%| F|  |TAMS 0x00000000c3b00000| PB 0x00000000c3b00000| Untracked 
|  16|0x00000000c3c00000, 0x00000000c3c00000, 0x00000000c3d00000|  0%| F|  |TAMS 0x00000000c3c00000| PB 0x00000000c3c00000| Untracked 
|  17|0x00000000c3d00000, 0x00000000c3dcd290, 0x00000000c3e00000| 80%| S|CS|TAMS 0x00000000c3d00000| PB 0x00000000c3d00000| Complete 
|  18|0x00000000c3e00000, 0x00000000c3f00000, 0x00000000c3f00000|100%| S|CS|TAMS 0x00000000c3e00000| PB 0x00000000c3e00000| Complete 
|  19|0x00000000c3f00000, 0x00000000c4000000, 0x00000000c4000000|100%| S|CS|TAMS 0x00000000c3f00000| PB 0x00000000c3f00000| Complete 
|  20|0x00000000c4000000, 0x00000000c4000000, 0x00000000c4100000|  0%| F|  |TAMS 0x00000000c4000000| PB 0x00000000c4000000| Untracked 
|  21|0x00000000c4100000, 0x00000000c4100000, 0x00000000c4200000|  0%| F|  |TAMS 0x00000000c4100000| PB 0x00000000c4100000| Untracked 
|  22|0x00000000c4200000, 0x00000000c4200000, 0x00000000c4300000|  0%| F|  |TAMS 0x00000000c4200000| PB 0x00000000c4200000| Untracked 
|  23|0x00000000c4300000, 0x00000000c4300000, 0x00000000c4400000|  0%| F|  |TAMS 0x00000000c4300000| PB 0x00000000c4300000| Untracked 
|  24|0x00000000c4400000, 0x00000000c4400000, 0x00000000c4500000|  0%| F|  |TAMS 0x00000000c4400000| PB 0x00000000c4400000| Untracked 
|  25|0x00000000c4500000, 0x00000000c4500000, 0x00000000c4600000|  0%| F|  |TAMS 0x00000000c4500000| PB 0x00000000c4500000| Untracked 
|  26|0x00000000c4600000, 0x00000000c4600000, 0x00000000c4700000|  0%| F|  |TAMS 0x00000000c4600000| PB 0x00000000c4600000| Untracked 
|  27|0x00000000c4700000, 0x00000000c4700000, 0x00000000c4800000|  0%| F|  |TAMS 0x00000000c4700000| PB 0x00000000c4700000| Untracked 
|  28|0x00000000c4800000, 0x00000000c4800000, 0x00000000c4900000|  0%| F|  |TAMS 0x00000000c4800000| PB 0x00000000c4800000| Untracked 
|  29|0x00000000c4900000, 0x00000000c4900000, 0x00000000c4a00000|  0%| F|  |TAMS 0x00000000c4900000| PB 0x00000000c4900000| Untracked 
|  30|0x00000000c4a00000, 0x00000000c4a00000, 0x00000000c4b00000|  0%| F|  |TAMS 0x00000000c4a00000| PB 0x00000000c4a00000| Untracked 
|  31|0x00000000c4b00000, 0x00000000c4b00000, 0x00000000c4c00000|  0%| F|  |TAMS 0x00000000c4b00000| PB 0x00000000c4b00000| Untracked 
|  32|0x00000000c4c00000, 0x00000000c4c00000, 0x00000000c4d00000|  0%| F|  |TAMS 0x00000000c4c00000| PB 0x00000000c4c00000| Untracked 
|  33|0x00000000c4d00000, 0x00000000c4d00000, 0x00000000c4e00000|  0%| F|  |TAMS 0x00000000c4d00000| PB 0x00000000c4d00000| Untracked 
|  34|0x00000000c4e00000, 0x00000000c4e00000, 0x00000000c4f00000|  0%| F|  |TAMS 0x00000000c4e00000| PB 0x00000000c4e00000| Untracked 
|  35|0x00000000c4f00000, 0x00000000c5000000, 0x00000000c5000000|100%| E|  |TAMS 0x00000000c4f00000| PB 0x00000000c4f00000| Complete 
|  36|0x00000000c5000000, 0x00000000c5100000, 0x00000000c5100000|100%| E|CS|TAMS 0x00000000c5000000| PB 0x00000000c5000000| Complete 
|  37|0x00000000c5100000, 0x00000000c5200000, 0x00000000c5200000|100%| E|CS|TAMS 0x00000000c5100000| PB 0x00000000c5100000| Complete 
|  38|0x00000000c5200000, 0x00000000c5300000, 0x00000000c5300000|100%| E|CS|TAMS 0x00000000c5200000| PB 0x00000000c5200000| Complete 
|  39|0x00000000c5300000, 0x00000000c5400000, 0x00000000c5400000|100%| E|CS|TAMS 0x00000000c5300000| PB 0x00000000c5300000| Complete 
|  40|0x00000000c5400000, 0x00000000c5500000, 0x00000000c5500000|100%| E|CS|TAMS 0x00000000c5400000| PB 0x00000000c5400000| Complete 
|  41|0x00000000c5500000, 0x00000000c5600000, 0x00000000c5600000|100%| E|CS|TAMS 0x00000000c5500000| PB 0x00000000c5500000| Complete 
|  42|0x00000000c5600000, 0x00000000c5700000, 0x00000000c5700000|100%| E|CS|TAMS 0x00000000c5600000| PB 0x00000000c5600000| Complete 
|  43|0x00000000c5700000, 0x00000000c5800000, 0x00000000c5800000|100%| E|CS|TAMS 0x00000000c5700000| PB 0x00000000c5700000| Complete 
|  44|0x00000000c5800000, 0x00000000c5900000, 0x00000000c5900000|100%| E|CS|TAMS 0x00000000c5800000| PB 0x00000000c5800000| Complete 
|  45|0x00000000c5900000, 0x00000000c5a00000, 0x00000000c5a00000|100%| E|CS|TAMS 0x00000000c5900000| PB 0x00000000c5900000| Complete 
|  46|0x00000000c5a00000, 0x00000000c5b00000, 0x00000000c5b00000|100%| E|CS|TAMS 0x00000000c5a00000| PB 0x00000000c5a00000| Complete 
|  47|0x00000000c5b00000, 0x00000000c5c00000, 0x00000000c5c00000|100%| E|CS|TAMS 0x00000000c5b00000| PB 0x00000000c5b00000| Complete 
|  48|0x00000000c5c00000, 0x00000000c5d00000, 0x00000000c5d00000|100%| E|CS|TAMS 0x00000000c5c00000| PB 0x00000000c5c00000| Complete 
|  55|0x00000000c6300000, 0x00000000c6400000, 0x00000000c6400000|100%| E|CS|TAMS 0x00000000c6300000| PB 0x00000000c6300000| Complete 

Card table byte_map: [0x00000284e7910000,0x00000284e7b00000] _byte_map_base: 0x00000284e72fa000

Marking Bits: (CMBitMap*) 0x00000284e7d00250
 Bits: [0x00000284f33a0000, 0x00000284f42f0000)

Polling page: 0x00000284e5cb0000

Metaspace:

Usage:
  Non-class:     22.15 MB used.
      Class:      3.58 MB used.
       Both:     25.73 MB used.

Virtual space:
  Non-class space:       64.00 MB reserved,      22.38 MB ( 35%) committed,  1 nodes.
      Class space:        1.00 GB reserved,       3.81 MB ( <1%) committed,  1 nodes.
             Both:        1.06 GB reserved,      26.19 MB (  2%) committed. 

Chunk freelists:
   Non-Class:  8.76 MB
       Class:  12.20 MB
        Both:  20.96 MB

MaxMetaspaceSize: unlimited
CompressedClassSpaceSize: 1.00 GB
Initial GC threshold: 21.00 MB
Current GC threshold: 35.12 MB
CDS: on
 - commit_granule_bytes: 65536.
 - commit_granule_words: 8192.
 - virtual_space_node_default_size: 8388608.
 - enlarge_chunks_in_place: 1.
 - use_allocation_guard: 0.


Internal statistics:

num_allocs_failed_limit: 3.
num_arena_births: 630.
num_arena_deaths: 0.
num_vsnodes_births: 2.
num_vsnodes_deaths: 0.
num_space_committed: 419.
num_space_uncommitted: 0.
num_chunks_returned_to_freelist: 3.
num_chunks_taken_from_freelist: 1529.
num_chunk_merges: 3.
num_chunk_splits: 1026.
num_chunks_enlarged: 718.
num_inconsistent_stats: 0.

CodeCache: size=49152Kb used=7665Kb max_used=8122Kb free=41486Kb
 bounds [0x00000284f03a0000, 0x00000284f0b90000, 0x00000284f33a0000]
 total_blobs=4628 nmethods=4098 adapters=455
 compilation: enabled
              stopped_count=0, restarted_count=0
 full_count=0

Compilation events (20 events):
Event: 13.762 Thread 0x00000284f652d6a0 nmethod 4088 0x00000284f063d890 code [0x00000284f063daa0, 0x00000284f063de70]
Event: 13.762 Thread 0x00000284f652d6a0 4089       1       org.springframework.transaction.annotation.SpringTransactionAnnotationParser::parseTransactionAnnotation (21 bytes)
Event: 13.762 Thread 0x00000284f652d6a0 nmethod 4089 0x00000284f063d210 code [0x00000284f063d420, 0x00000284f063d6a8]
Event: 13.762 Thread 0x00000284f652d6a0 4090       1       org.springframework.transaction.annotation.JtaTransactionAnnotationParser::parseTransactionAnnotation (19 bytes)
Event: 13.763 Thread 0x00000284f652d6a0 nmethod 4090 0x00000284f063cc10 code [0x00000284f063ce20, 0x00000284f063d0a8]
Event: 13.763 Thread 0x00000284f652d6a0 4091       1       org.springframework.beans.factory.config.InstantiationAwareBeanPostProcessor::postProcessBeforeInstantiation (2 bytes)
Event: 13.763 Thread 0x00000284f652d6a0 nmethod 4091 0x00000284f063c910 code [0x00000284f063caa0, 0x00000284f063cb70]
Event: 13.824 Thread 0x00000284f652d6a0 4092   !   1       org.springframework.beans.factory.support.AbstractBeanFactory::resolveBeanClass (96 bytes)
Event: 13.825 Thread 0x00000284f652d6a0 nmethod 4092 0x00000284f063b610 code [0x00000284f063b8c0, 0x00000284f063c1e8]
Event: 13.826 Thread 0x00000284f652d6a0 4093       1       java.lang.invoke.LambdaFormEditor::oldSpeciesData (8 bytes)
Event: 13.826 Thread 0x00000284f652d6a0 nmethod 4093 0x00000284f063b190 code [0x00000284f063b340, 0x00000284f063b4f0]
Event: 13.827 Thread 0x00000284f652d6a0 4094       1       java.lang.invoke.LambdaFormBuffer::insertExpression (30 bytes)
Event: 13.827 Thread 0x00000284f652d6a0 nmethod 4094 0x00000284f063ae10 code [0x00000284f063afc0, 0x00000284f063b0b8]
Event: 13.831 Thread 0x00000284f652d6a0 4095   !   1       org.springframework.util.ReflectionUtils::doWithLocalMethods (71 bytes)
Event: 13.831 Thread 0x00000284f652d6a0 nmethod 4095 0x00000284f063a710 code [0x00000284f063a900, 0x00000284f063abd0]
Event: 13.832 Thread 0x00000284f652d6a0 4096       1       org.springframework.transaction.annotation.AnnotationTransactionAttributeSource::allowPublicMethodsOnly (5 bytes)
Event: 13.832 Thread 0x00000284f652d6a0 nmethod 4096 0x00000284f063a410 code [0x00000284f063a5a0, 0x00000284f063a670]
Event: 13.834 Thread 0x00000284f652d6a0 4097       1       org.springframework.beans.factory.config.InstantiationAwareBeanPostProcessor::postProcessAfterInstantiation (2 bytes)
Event: 13.834 Thread 0x00000284f652d6a0 nmethod 4097 0x00000284f063a110 code [0x00000284f063a2a0, 0x00000284f063a368]
Event: 13.856 Thread 0x00000284f652d6a0 4099   !   1       java.lang.invoke.InnerClassLambdaMetafactory::generateInnerClass (506 bytes)

GC Heap History (14 events):
Event: 1.389 GC heap before
{Heap before GC invocations=0 (full 0):
 garbage-first heap   total 63488K, used 7168K [0x00000000c2c00000, 0x0000000100000000)
  region size 1024K, 6 young (6144K), 0 survivors (0K)
 Metaspace       used 1399K, committed 1600K, reserved 1114112K
  class space    used 146K, committed 256K, reserved 1048576K
}
Event: 1.395 GC heap after
{Heap after GC invocations=1 (full 0):
 garbage-first heap   total 63488K, used 5875K [0x00000000c2c00000, 0x0000000100000000)
  region size 1024K, 1 young (1024K), 1 survivors (1024K)
 Metaspace       used 1399K, committed 1600K, reserved 1114112K
  class space    used 146K, committed 256K, reserved 1048576K
}
Event: 1.893 GC heap before
{Heap before GC invocations=1 (full 0):
 garbage-first heap   total 63488K, used 8947K [0x00000000c2c00000, 0x0000000100000000)
  region size 1024K, 4 young (4096K), 1 survivors (1024K)
 Metaspace       used 2772K, committed 2944K, reserved 1114112K
  class space    used 316K, committed 384K, reserved 1048576K
}
Event: 1.897 GC heap after
{Heap after GC invocations=2 (full 0):
 garbage-first heap   total 63488K, used 6596K [0x00000000c2c00000, 0x0000000100000000)
  region size 1024K, 1 young (1024K), 1 survivors (1024K)
 Metaspace       used 2772K, committed 2944K, reserved 1114112K
  class space    used 316K, committed 384K, reserved 1048576K
}
Event: 2.736 GC heap before
{Heap before GC invocations=2 (full 0):
 garbage-first heap   total 63488K, used 14788K [0x00000000c2c00000, 0x0000000100000000)
  region size 1024K, 9 young (9216K), 1 survivors (1024K)
 Metaspace       used 6550K, committed 6784K, reserved 1114112K
  class space    used 794K, committed 896K, reserved 1048576K
}
Event: 2.742 GC heap after
{Heap after GC invocations=3 (full 0):
 garbage-first heap   total 63488K, used 7840K [0x00000000c2c00000, 0x0000000100000000)
  region size 1024K, 2 young (2048K), 2 survivors (2048K)
 Metaspace       used 6550K, committed 6784K, reserved 1114112K
  class space    used 794K, committed 896K, reserved 1048576K
}
Event: 5.415 GC heap before
{Heap before GC invocations=3 (full 0):
 garbage-first heap   total 63488K, used 42656K [0x00000000c2c00000, 0x0000000100000000)
  region size 1024K, 37 young (37888K), 2 survivors (2048K)
 Metaspace       used 14094K, committed 14528K, reserved 1114112K
  class space    used 1907K, committed 2112K, reserved 1048576K
}
Event: 5.430 GC heap after
{Heap after GC invocations=4 (full 0):
 garbage-first heap   total 63488K, used 10541K [0x00000000c2c00000, 0x0000000100000000)
  region size 1024K, 5 young (5120K), 5 survivors (5120K)
 Metaspace       used 14094K, committed 14528K, reserved 1114112K
  class space    used 1907K, committed 2112K, reserved 1048576K
}
Event: 7.489 GC heap before
{Heap before GC invocations=4 (full 0):
 garbage-first heap   total 63488K, used 43309K [0x00000000c2c00000, 0x0000000100000000)
  region size 1024K, 37 young (37888K), 5 survivors (5120K)
 Metaspace       used 20870K, committed 21312K, reserved 1114112K
  class space    used 2788K, committed 2944K, reserved 1048576K
}
Event: 7.507 GC heap after
{Heap after GC invocations=5 (full 0):
 garbage-first heap   total 63488K, used 14284K [0x00000000c2c00000, 0x0000000100000000)
  region size 1024K, 4 young (4096K), 4 survivors (4096K)
 Metaspace       used 20870K, committed 21312K, reserved 1114112K
  class space    used 2788K, committed 2944K, reserved 1048576K
}
Event: 7.915 GC heap before
{Heap before GC invocations=5 (full 0):
 garbage-first heap   total 63488K, used 19404K [0x00000000c2c00000, 0x0000000100000000)
  region size 1024K, 10 young (10240K), 4 survivors (4096K)
 Metaspace       used 21107K, committed 21504K, reserved 1114112K
  class space    used 2830K, committed 3008K, reserved 1048576K
}
Event: 7.924 GC heap after
{Heap after GC invocations=6 (full 0):
 garbage-first heap   total 63488K, used 14969K [0x00000000c2c00000, 0x0000000100000000)
  region size 1024K, 1 young (1024K), 1 survivors (1024K)
 Metaspace       used 21107K, committed 21504K, reserved 1114112K
  class space    used 2830K, committed 3008K, reserved 1048576K
}
Event: 10.322 GC heap before
{Heap before GC invocations=7 (full 0):
 garbage-first heap   total 51200K, used 44665K [0x00000000c2c00000, 0x0000000100000000)
  region size 1024K, 30 young (30720K), 1 survivors (1024K)
 Metaspace       used 24151K, committed 24640K, reserved 1114112K
  class space    used 3307K, committed 3520K, reserved 1048576K
}
Event: 10.333 GC heap after
{Heap after GC invocations=8 (full 0):
 garbage-first heap   total 51200K, used 16820K [0x00000000c2c00000, 0x0000000100000000)
  region size 1024K, 3 young (3072K), 3 survivors (3072K)
 Metaspace       used 24151K, committed 24640K, reserved 1114112K
  class space    used 3307K, committed 3520K, reserved 1048576K
}

Dll operation events (9 events):
Event: 0.055 Loaded shared library C:\Program Files\Eclipse Adoptium\jdk-21.0.3.9-hotspot\bin\java.dll
Event: 0.950 Loaded shared library C:\Program Files\Eclipse Adoptium\jdk-21.0.3.9-hotspot\bin\jimage.dll
Event: 0.965 Loaded shared library C:\Program Files\Eclipse Adoptium\jdk-21.0.3.9-hotspot\bin\net.dll
Event: 0.968 Loaded shared library C:\Program Files\Eclipse Adoptium\jdk-21.0.3.9-hotspot\bin\nio.dll
Event: 0.985 Loaded shared library C:\Program Files\Eclipse Adoptium\jdk-21.0.3.9-hotspot\bin\zip.dll
Event: 1.213 Loaded shared library C:\Program Files\Eclipse Adoptium\jdk-21.0.3.9-hotspot\bin\management.dll
Event: 1.261 Loaded shared library C:\Program Files\Eclipse Adoptium\jdk-21.0.3.9-hotspot\bin\management_ext.dll
Event: 2.330 Loaded shared library C:\Program Files\Eclipse Adoptium\jdk-21.0.3.9-hotspot\bin\extnet.dll
Event: 7.064 Loaded shared library C:\Program Files\Eclipse Adoptium\jdk-21.0.3.9-hotspot\bin\sunmscapi.dll

Deoptimization events (4 events):
Event: 11.512 Thread 0x00000284fb6504a0 DEOPT PACKING pc=0x00000284f0b15fa4 sp=0x000000a33d8fb8c0
Event: 11.513 Thread 0x00000284fb6504a0 DEOPT UNPACKING pc=0x00000284f03f4e23 sp=0x000000a33d8fae68 mode 0
Event: 11.513 Thread 0x00000284fb6504a0 DEOPT PACKING pc=0x00000284f0ab258c sp=0x000000a33d8fbac0
Event: 11.513 Thread 0x00000284fb6504a0 DEOPT UNPACKING pc=0x00000284f03f4e23 sp=0x000000a33d8faf80 mode 0

Classes loaded (20 events):
Event: 11.502 Loading class java/lang/reflect/AnnotatedType
Event: 11.502 Loading class java/lang/reflect/AnnotatedType done
Event: 13.253 Loading class java/nio/file/InvalidPathException
Event: 13.253 Loading class java/nio/file/InvalidPathException done
Event: 13.745 Loading class java/security/KeyStoreException
Event: 13.746 Loading class java/security/KeyStoreException done
Event: 13.746 Loading class java/security/UnrecoverableKeyException
Event: 13.746 Loading class java/security/UnrecoverableEntryException
Event: 13.746 Loading class java/security/UnrecoverableEntryException done
Event: 13.746 Loading class java/security/UnrecoverableKeyException done
Event: 13.829 Loading class java/util/function/ObjIntConsumer
Event: 13.830 Loading class java/util/function/ObjIntConsumer done
Event: 13.838 Loading class jdk/internal/classfile/ClassBuilder
Event: 13.839 Loading class jdk/internal/classfile/ClassfileBuilder
Event: 13.839 Loading class jdk/internal/classfile/ClassfileBuilder done
Event: 13.839 Loading class jdk/internal/classfile/ClassBuilder done
Event: 13.839 Loading class jdk/internal/classfile/ClassElement
Event: 13.839 Loading class jdk/internal/classfile/ClassfileElement
Event: 13.839 Loading class jdk/internal/classfile/ClassfileElement done
Event: 13.839 Loading class jdk/internal/classfile/ClassElement done

Classes unloaded (0 events):
No events

Classes redefined (0 events):
No events

Internal exceptions (20 events):
Event: 6.512 Thread 0x00000284fb652c00 Exception <a 'java/lang/NoSuchMethodError'{0x00000000c5667288}: 'long java.lang.invoke.DirectMethodHandle$Holder.invokeInterface(java.lang.Object, java.lang.Object)'> (0x00000000c5667288) 
thrown [s\src\hotspot\share\interpreter\linkResolver.cpp, line 773]
Event: 6.512 Thread 0x00000284fb652c00 Exception <a 'java/lang/IncompatibleClassChangeError'{0x00000000c566a288}: Found class java.lang.Object, but interface was expected> (0x00000000c566a288) 
thrown [s\src\hotspot\share\interpreter\linkResolver.cpp, line 840]
Event: 6.517 Thread 0x00000284fb652c00 Exception <a 'java/lang/NoSuchMethodError'{0x00000000c5682888}: 'java.lang.Object java.lang.invoke.DirectMethodHandle$Holder.invokeVirtual(java.lang.Object, java.lang.Object, java.lang.Object, java.lang.Object)'> (0x00000000c5682888) 
thrown [s\src\hotspot\share\interpreter\linkResolver.cpp, line 773]
Event: 7.377 Thread 0x00000284fb6504a0 Exception <a 'java/lang/IncompatibleClassChangeError'{0x00000000c4b1e5d8}: Found class java.lang.Object, but interface was expected> (0x00000000c4b1e5d8) 
thrown [s\src\hotspot\share\interpreter\linkResolver.cpp, line 840]
Event: 10.533 Thread 0x00000284fb6504a0 Exception <a 'java/lang/NoSuchMethodError'{0x00000000c5b04568}: 'java.lang.Object java.lang.invoke.DirectMethodHandle$Holder.newInvokeSpecial(java.lang.Object, java.lang.Object, java.lang.Object, java.lang.Object, java.lang.Object, java.lang.Object)'> (0x00000000c5b04568) 
thrown [s\src\hotspot\share\interpreter\linkResolver.cpp, line 773]
Event: 10.602 Thread 0x00000284fb6504a0 Exception <a 'java/lang/NoClassDefFoundError'{0x00000000c5bb9248}: org/flywaydb/core/Flyway> (0x00000000c5bb9248) 
thrown [s\src\hotspot\share\classfile\systemDictionary.cpp, line 301]
Event: 10.602 Thread 0x00000284fb6504a0 Exception <a 'java/lang/NoClassDefFoundError'{0x00000000c5bbaf10}: liquibase/integration/spring/SpringLiquibase> (0x00000000c5bbaf10) 
thrown [s\src\hotspot\share\classfile\systemDictionary.cpp, line 301]
Event: 10.636 Thread 0x00000284fb6504a0 Exception <a 'java/lang/NoClassDefFoundError'{0x00000000c5a10198}: org/jooq/DSLContext> (0x00000000c5a10198) 
thrown [s\src\hotspot\share\classfile\systemDictionary.cpp, line 301]
Event: 11.061 Thread 0x00000284fb6504a0 Exception <a 'java/lang/NoClassDefFoundError'{0x00000000c58144a8}: org/springframework/batch/core/repository/JobRepository> (0x00000000c58144a8) 
thrown [s\src\hotspot\share\classfile\systemDictionary.cpp, line 301]
Event: 11.186 Thread 0x00000284fb6504a0 Exception <a 'java/lang/NoClassDefFoundError'{0x00000000c5815ef8}: org/quartz/Scheduler> (0x00000000c5815ef8) 
thrown [s\src\hotspot\share\classfile\systemDictionary.cpp, line 301]
Event: 11.187 Thread 0x00000284fb6504a0 Exception <a 'java/lang/NoClassDefFoundError'{0x00000000c5817e30}: org/springframework/session/jdbc/JdbcIndexedSessionRepository> (0x00000000c5817e30) 
thrown [s\src\hotspot\share\classfile\systemDictionary.cpp, line 301]
Event: 11.334 Thread 0x00000284fb6504a0 Exception <a 'java/lang/NoSuchMethodError'{0x00000000c575eba0}: 'void java.lang.invoke.DirectMethodHandle$Holder.invokeSpecial(java.lang.Object, java.lang.Object, java.lang.Object, java.lang.Object, java.lang.Object, java.lang.Object)'> (0x00000000c575eba0) 
thrown [s\src\hotspot\share\interpreter\linkResolver.cpp, line 773]
Event: 11.351 Thread 0x00000284fb6504a0 Exception <a 'java/lang/NoSuchMethodError'{0x00000000c579da68}: 'void java.lang.invoke.DirectMethodHandle$Holder.invokeVirtual(java.lang.Object, java.lang.Object, int)'> (0x00000000c579da68) 
thrown [s\src\hotspot\share\interpreter\linkResolver.cpp, line 773]
Event: 11.352 Thread 0x00000284fb6504a0 Exception <a 'java/lang/NoSuchMethodError'{0x00000000c57a1688}: 'int java.lang.invoke.DirectMethodHandle$Holder.invokeSpecial(java.lang.Object, java.lang.Object, java.lang.Object, int)'> (0x00000000c57a1688) 
thrown [s\src\hotspot\share\interpreter\linkResolver.cpp, line 773]
Event: 11.357 Thread 0x00000284fb6504a0 Exception <a 'java/lang/NoSuchMethodError'{0x00000000c57b3370}: 'java.lang.Object java.lang.invoke.DirectMethodHandle$Holder.invokeStatic(java.lang.Object, java.lang.Object, java.lang.Object, java.lang.Object, int)'> (0x00000000c57b3370) 
thrown [s\src\hotspot\share\interpreter\linkResolver.cpp, line 773]
Event: 11.358 Thread 0x00000284fb6504a0 Exception <a 'java/lang/NoSuchMethodError'{0x00000000c57ba720}: 'void java.lang.invoke.DelegatingMethodHandle$Holder.reinvoke_L(java.lang.Object, java.lang.Object, int)'> (0x00000000c57ba720) 
thrown [s\src\hotspot\share\interpreter\linkResolver.cpp, line 773]
Event: 13.169 Thread 0x00000284fb6504a0 Exception <a 'java/lang/NoSuchMethodError'{0x00000000c54c60f0}: 'java.lang.Object java.lang.invoke.DirectMethodHandle$Holder.invokeSpecialIFC(java.lang.Object, java.lang.Object, java.lang.Object)'> (0x00000000c54c60f0) 
thrown [s\src\hotspot\share\interpreter\linkResolver.cpp, line 773]
Event: 13.234 Thread 0x00000284fb6504a0 Exception <a 'java/lang/NoSuchMethodError'{0x00000000c531af60}: 'java.lang.Object java.lang.invoke.DirectMethodHandle$Holder.invokeVirtual(java.lang.Object, java.lang.Object, java.lang.Object, java.lang.Object, java.lang.Object)'> (0x00000000c531af60) 
thrown [s\src\hotspot\share\interpreter\linkResolver.cpp, line 773]
Event: 13.611 Thread 0x00000284fb6504a0 Exception <a 'java/lang/NoSuchMethodError'{0x00000000c5031700}: 'java.lang.Object java.lang.invoke.DirectMethodHandle$Holder.invokeVirtual(java.lang.Object, java.lang.Object, java.lang.Object, java.lang.Object, java.lang.Object, java.lang.Object)'> (0x00000000c5031700) 
thrown [s\src\hotspot\share\interpreter\linkResolver.cpp, line 773]
Event: 13.852 Thread 0x00000284fb6504a0 Exception <a 'java/lang/NoSuchMethodError'{0x00000000c4f82a60}: 'void java.lang.invoke.DirectMethodHandle$Holder.invokeInterface(java.lang.Object, java.lang.Object, int)'> (0x00000000c4f82a60) 
thrown [s\src\hotspot\share\interpreter\linkResolver.cpp, line 773]

ZGC Phase Switch (0 events):
No events

VM Operations (20 events):
Event: 9.334 Executing VM operation: HandshakeAllThreads (Deoptimize)
Event: 9.334 Executing VM operation: HandshakeAllThreads (Deoptimize) done
Event: 9.336 Executing VM operation: HandshakeAllThreads (Deoptimize)
Event: 9.336 Executing VM operation: HandshakeAllThreads (Deoptimize) done
Event: 9.377 Executing VM operation: HandshakeAllThreads (Deoptimize)
Event: 9.377 Executing VM operation: HandshakeAllThreads (Deoptimize) done
Event: 9.549 Executing VM operation: HandshakeAllThreads (Deoptimize)
Event: 9.549 Executing VM operation: HandshakeAllThreads (Deoptimize) done
Event: 9.671 Executing VM operation: HandshakeAllThreads (Deoptimize)
Event: 9.671 Executing VM operation: HandshakeAllThreads (Deoptimize) done
Event: 10.321 Executing VM operation: G1CollectForAllocation (G1 Evacuation Pause)
Event: 10.334 Executing VM operation: G1CollectForAllocation (G1 Evacuation Pause) done
Event: 11.335 Executing VM operation: Cleanup
Event: 11.336 Executing VM operation: Cleanup done
Event: 11.387 Executing VM operation: HandshakeAllThreads (Deoptimize)
Event: 11.387 Executing VM operation: HandshakeAllThreads (Deoptimize) done
Event: 11.511 Executing VM operation: HandshakeAllThreads (Deoptimize)
Event: 11.512 Executing VM operation: HandshakeAllThreads (Deoptimize) done
Event: 12.512 Executing VM operation: Cleanup
Event: 12.512 Executing VM operation: Cleanup done

Events (20 events):
Event: 0.203 Thread 0x00000284f652c1e0 Thread added: 0x00000284f652c1e0
Event: 0.203 Thread 0x00000284f652cc40 Thread added: 0x00000284f652cc40
Event: 0.204 Thread 0x00000284f652d6a0 Thread added: 0x00000284f652d6a0
Event: 0.671 Thread 0x00000284f65b8d20 Thread added: 0x00000284f65b8d20
Event: 0.933 Thread 0x00000284f6783d80 Thread added: 0x00000284f6783d80
Event: 1.886 Thread 0x00000284fb08d820 Thread added: 0x00000284fb08d820
Event: 2.343 Thread 0x00000284fb146af0 Thread added: 0x00000284fb146af0
Event: 2.380 Thread 0x00000284fb15b760 Thread added: 0x00000284fb15b760
Event: 2.433 Thread 0x00000284fb193f60 Thread added: 0x00000284fb193f60
Event: 2.507 Thread 0x00000284fb1cb900 Thread added: 0x00000284fb1cb900
Event: 2.548 Thread 0x00000284fb213f30 Thread added: 0x00000284fb213f30
Event: 2.552 Thread 0x00000284fb1cbf70 Thread added: 0x00000284fb1cbf70
Event: 2.588 Thread 0x00000284fb2358d0 Thread added: 0x00000284fb2358d0
Event: 3.332 Thread 0x00000284fb652570 Thread added: 0x00000284fb652570
Event: 3.338 Thread 0x00000284fb6504a0 Thread added: 0x00000284fb6504a0
Event: 5.117 Thread 0x00000284fb652c00 Thread added: 0x00000284fb652c00
Event: 7.076 Thread 0x00000284fb652c00 Thread exited: 0x00000284fb652c00
Event: 7.143 Thread 0x00000284fb64fe10 Thread added: 0x00000284fb64fe10
Event: 7.311 Thread 0x00000284fb64fe10 Thread exited: 0x00000284fb64fe10
Event: 13.217 Thread 0x00000284fb08d820 Thread exited: 0x00000284fb08d820


Dynamic libraries:
0x00007ff71a6b0000 - 0x00007ff71a6be000 	C:\Program Files\Eclipse Adoptium\jdk-21.0.3.9-hotspot\bin\javaw.exe
0x00007fff20d30000 - 0x00007fff20f28000 	C:\Windows\SYSTEM32\ntdll.dll
0x00007fff1f030000 - 0x00007fff1f0f2000 	C:\Windows\System32\KERNEL32.DLL
0x00007fff1e840000 - 0x00007fff1eb36000 	C:\Windows\System32\KERNELBASE.dll
0x00007fff1ec60000 - 0x00007fff1ed60000 	C:\Windows\System32\ucrtbase.dll
0x00007fff13d40000 - 0x00007fff13d58000 	C:\Program Files\Eclipse Adoptium\jdk-21.0.3.9-hotspot\bin\jli.dll
0x00007fff1fe20000 - 0x00007fff1ffbd000 	C:\Windows\System32\USER32.dll
0x00007fff1e550000 - 0x00007fff1e572000 	C:\Windows\System32\win32u.dll
0x00007fff1fc60000 - 0x00007fff1fc8b000 	C:\Windows\System32\GDI32.dll
0x00007fff1eb40000 - 0x00007fff1ec5a000 	C:\Windows\System32\gdi32full.dll
0x00007fff1e7a0000 - 0x00007fff1e83d000 	C:\Windows\System32\msvcp_win.dll
0x00007fff13d20000 - 0x00007fff13d3b000 	C:\Program Files\Eclipse Adoptium\jdk-21.0.3.9-hotspot\bin\VCRUNTIME140.dll
0x00007fff0ab10000 - 0x00007fff0adaa000 	C:\Windows\WinSxS\amd64_microsoft.windows.common-controls_6595b64144ccf1df_6.0.19041.5794_none_60bcd33171f2783c\COMCTL32.dll
0x00007fff1f2b0000 - 0x00007fff1f34e000 	C:\Windows\System32\msvcrt.dll
0x00007fff1fd50000 - 0x00007fff1fd7f000 	C:\Windows\System32\IMM32.DLL
0x00007fff1ad30000 - 0x00007fff1ad3c000 	C:\Program Files\Eclipse Adoptium\jdk-21.0.3.9-hotspot\bin\vcruntime140_1.dll
0x00007ffef7c40000 - 0x00007ffef7cce000 	C:\Program Files\Eclipse Adoptium\jdk-21.0.3.9-hotspot\bin\msvcp140.dll
0x00007ffece620000 - 0x00007ffecf3a2000 	C:\Program Files\Eclipse Adoptium\jdk-21.0.3.9-hotspot\bin\server\jvm.dll
0x00007fff1fca0000 - 0x00007fff1fd4f000 	C:\Windows\System32\ADVAPI32.dll
0x00007fff20710000 - 0x00007fff207af000 	C:\Windows\System32\sechost.dll
0x00007fff20100000 - 0x00007fff20223000 	C:\Windows\System32\RPCRT4.dll
0x00007fff1e580000 - 0x00007fff1e5a7000 	C:\Windows\System32\bcrypt.dll
0x00007fff1fda0000 - 0x00007fff1fe0b000 	C:\Windows\System32\WS2_32.dll
0x00007fff1d8d0000 - 0x00007fff1d91b000 	C:\Windows\SYSTEM32\POWRPROF.dll
0x00007fff187d0000 - 0x00007fff187f7000 	C:\Windows\SYSTEM32\WINMM.dll
0x00007fff150f0000 - 0x00007fff150fa000 	C:\Windows\SYSTEM32\VERSION.dll
0x00007fff1d790000 - 0x00007fff1d7a2000 	C:\Windows\SYSTEM32\UMPDC.dll
0x00007fff1ce20000 - 0x00007fff1ce32000 	C:\Windows\SYSTEM32\kernel.appcore.dll
0x00007fff18180000 - 0x00007fff1818a000 	C:\Program Files\Eclipse Adoptium\jdk-21.0.3.9-hotspot\bin\jimage.dll
0x00007fff1c8b0000 - 0x00007fff1cab1000 	C:\Windows\SYSTEM32\DBGHELP.DLL
0x00007fff014f0000 - 0x00007fff01524000 	C:\Windows\SYSTEM32\dbgcore.DLL
0x00007fff1e710000 - 0x00007fff1e792000 	C:\Windows\System32\bcryptPrimitives.dll
0x00007fff18160000 - 0x00007fff1817f000 	C:\Program Files\Eclipse Adoptium\jdk-21.0.3.9-hotspot\bin\java.dll
0x00007fff1f350000 - 0x00007fff1fabe000 	C:\Windows\System32\SHELL32.dll
0x00007fff1c030000 - 0x00007fff1c7d3000 	C:\Windows\SYSTEM32\windows.storage.dll
0x00007fff20350000 - 0x00007fff206a3000 	C:\Windows\System32\combase.dll
0x00007fff1dd20000 - 0x00007fff1dd4b000 	C:\Windows\SYSTEM32\Wldp.dll
0x00007fff207b0000 - 0x00007fff2087d000 	C:\Windows\System32\OLEAUT32.dll
0x00007fff1ef20000 - 0x00007fff1efcd000 	C:\Windows\System32\SHCORE.dll
0x00007fff206b0000 - 0x00007fff20705000 	C:\Windows\System32\shlwapi.dll
0x00007fff1e300000 - 0x00007fff1e325000 	C:\Windows\SYSTEM32\profapi.dll
0x00007fff17ec0000 - 0x00007fff17ed0000 	C:\Program Files\Eclipse Adoptium\jdk-21.0.3.9-hotspot\bin\net.dll
0x00007fff145b0000 - 0x00007fff146ba000 	C:\Windows\SYSTEM32\WINHTTP.dll
0x00007fff1db00000 - 0x00007fff1db6c000 	C:\Windows\system32\mswsock.dll
0x00007fff16ca0000 - 0x00007fff16cb6000 	C:\Program Files\Eclipse Adoptium\jdk-21.0.3.9-hotspot\bin\nio.dll
0x00007fff16c50000 - 0x00007fff16c68000 	C:\Program Files\Eclipse Adoptium\jdk-21.0.3.9-hotspot\bin\zip.dll
0x00007fff18730000 - 0x00007fff1873a000 	C:\Program Files\Eclipse Adoptium\jdk-21.0.3.9-hotspot\bin\management.dll
0x00007fff18700000 - 0x00007fff1870b000 	C:\Program Files\Eclipse Adoptium\jdk-21.0.3.9-hotspot\bin\management_ext.dll
0x00007fff1fe10000 - 0x00007fff1fe18000 	C:\Windows\System32\PSAPI.DLL
0x00007ffeff9f0000 - 0x00007ffeffa07000 	C:\Windows\system32\napinsp.dll
0x00007ffefdfd0000 - 0x00007ffefdfeb000 	C:\Windows\system32\pnrpnsp.dll
0x00007fff18600000 - 0x00007fff1861d000 	C:\Windows\system32\wshbth.dll
0x00007fff18690000 - 0x00007fff186ad000 	C:\Windows\system32\NLAapi.dll
0x00007fff1d7b0000 - 0x00007fff1d7eb000 	C:\Windows\SYSTEM32\IPHLPAPI.DLL
0x00007fff1d7f0000 - 0x00007fff1d8ba000 	C:\Windows\SYSTEM32\DNSAPI.dll
0x00007fff1ffc0000 - 0x00007fff1ffc8000 	C:\Windows\System32\NSI.dll
0x00007ffefba00000 - 0x00007ffefba12000 	C:\Windows\System32\winrnr.dll
0x00007fff09430000 - 0x00007fff0943a000 	C:\Windows\System32\rasadhlp.dll
0x00007fff14370000 - 0x00007fff143f0000 	C:\Windows\System32\fwpuclnt.dll
0x00007fff1dd60000 - 0x00007fff1dd78000 	C:\Windows\SYSTEM32\CRYPTSP.dll
0x00007fff1d3d0000 - 0x00007fff1d408000 	C:\Windows\system32\rsaenh.dll
0x00007fff1e2c0000 - 0x00007fff1e2ee000 	C:\Windows\SYSTEM32\USERENV.dll
0x00007fff1dc90000 - 0x00007fff1dc9c000 	C:\Windows\SYSTEM32\CRYPTBASE.dll
0x00007fff082e0000 - 0x00007fff082e9000 	C:\Program Files\Eclipse Adoptium\jdk-21.0.3.9-hotspot\bin\extnet.dll
0x00007fff16c80000 - 0x00007fff16c8e000 	C:\Program Files\Eclipse Adoptium\jdk-21.0.3.9-hotspot\bin\sunmscapi.dll
0x00007fff1e5b0000 - 0x00007fff1e70d000 	C:\Windows\System32\CRYPT32.dll
0x00007fff1de70000 - 0x00007fff1de97000 	C:\Windows\SYSTEM32\ncrypt.dll
0x00007fff1de30000 - 0x00007fff1de6b000 	C:\Windows\SYSTEM32\NTASN1.dll

dbghelp: loaded successfully - version: 4.0.5 - missing functions: none
symbol engine: initialized successfully - sym options: 0x614 - pdb path: .;C:\Program Files\Eclipse Adoptium\jdk-21.0.3.9-hotspot\bin;C:\Windows\SYSTEM32;C:\Windows\WinSxS\amd64_microsoft.windows.common-controls_6595b64144ccf1df_6.0.19041.5794_none_60bcd33171f2783c;C:\Program Files\Eclipse Adoptium\jdk-21.0.3.9-hotspot\bin\server

VM Arguments:
jvm_args: -Dcom.sun.management.jmxremote -Dcom.sun.management.jmxremote.port=54436 -Dcom.sun.management.jmxremote.authenticate=false -Dcom.sun.management.jmxremote.ssl=false -Djava.rmi.server.hostname=localhost -Dspring.jmx.enabled=true -Dmanagement.endpoints.jmx.exposure.include=* -Dspring.application.admin.enabled=true -Dspring.output.ansi.enabled=always -XX:TieredStopAtLevel=1 -Dspring.boot.project.name=projeto -Dfile.encoding=UTF-8 -Dstdout.encoding=UTF-8 -Dstderr.encoding=UTF-8 -XX:+ShowCodeDetailsInExceptionMessages 
java_command: br.com.victor.projeto.ProjetoApplication
java_class_path (initial): C:\SistemSpring\target\classes;C:\Users\Brena Sousa\.m2\repository\org\springframework\boot\spring-boot-starter-data-jpa\3.5.0\spring-boot-starter-data-jpa-3.5.0.jar;C:\Users\Brena Sousa\.m2\repository\org\springframework\boot\spring-boot-starter\3.5.0\spring-boot-starter-3.5.0.jar;C:\Users\Brena Sousa\.m2\repository\org\springframework\boot\spring-boot-starter-logging\3.5.0\spring-boot-starter-logging-3.5.0.jar;C:\Users\Brena Sousa\.m2\repository\ch\qos\logback\logback-classic\1.5.18\logback-classic-1.5.18.jar;C:\Users\Brena Sousa\.m2\repository\ch\qos\logback\logback-core\1.5.18\logback-core-1.5.18.jar;C:\Users\Brena Sousa\.m2\repository\org\apache\logging\log4j\log4j-to-slf4j\2.24.3\log4j-to-slf4j-2.24.3.jar;C:\Users\Brena Sousa\.m2\repository\org\apache\logging\log4j\log4j-api\2.24.3\log4j-api-2.24.3.jar;C:\Users\Brena Sousa\.m2\repository\org\slf4j\jul-to-slf4j\2.0.17\jul-to-slf4j-2.0.17.jar;C:\Users\Brena Sousa\.m2\repository\jakarta\annotation\jakarta.annotation-api\2.1.1\jakarta.annotation-api-2.1.1.jar;C:\Users\Brena Sousa\.m2\repository\org\yaml\snakeyaml\2.4\snakeyaml-2.4.jar;C:\Users\Brena Sousa\.m2\repository\org\springframework\boot\spring-boot-starter-jdbc\3.5.0\spring-boot-starter-jdbc-3.5.0.jar;C:\Users\Brena Sousa\.m2\repository\com\zaxxer\HikariCP\6.3.0\HikariCP-6.3.0.jar;C:\Users\Brena Sousa\.m2\repository\org\springframework\spring-jdbc\6.2.7\spring-jdbc-6.2.7.jar;C:\Users\Brena Sousa\.m2\repository\org\hibernate\orm\hibernate-core\6.6.15.Final\hibernate-core-6.6.15.Final.jar;C:\Users\Brena Sousa\.m2\repository\jakarta\persistence\jakarta.persistence-api\3.1.0\jakarta.persistence-api-3.1.0.jar;C:\Users\Brena Sousa\.m2\repository\jakarta\transaction\jakarta.transaction-api\2.0.1\jakarta.transaction-api-2.0.1.jar;C:\Users\Brena Sousa\.m2\repository\org\jboss\logging\jboss-logging\3.6.1.Final\jboss-logging-3.6.1.Final.jar;C:\Users\Brena Sousa\.m2\repository\org\hibernate\common\hibernate-commons-annotations\7.0.3.Final\hibernate-commons-annotations-7.0.3.Final.jar;C:\Users\Brena Sousa\.m2\repository\io\smallrye\jandex\3.2.0\jandex-3.2.0.jar;C:\Users\Brena Sousa\.m2\repository\com\fasterxml\classmate\1.7.0\classmate-1.7.0.jar;C:\Users\Brena Sousa\.m2\repository\net\bytebuddy\byte-buddy\1.17.5\byte-buddy-1.17.5.jar;C:\Users\Brena Sousa\.m2\repository\org\glassfish\jaxb\jaxb-runtime\4.0.5\jaxb-runtime-4.0.5.jar;C:\Users\Brena Sousa\.m2\repository\org\glassfish\jaxb\jaxb-core\4.0.5\jaxb-core-4.0.5.jar;C:\Users\Brena Sousa\.m2\repository\org\eclipse\angus\angus-activation\2.0.2\angus-activation-2.0.2.jar;C:\Users\Brena Sousa\.m2\repository\org\glassfish\jaxb\txw2\4.0.5\txw2-4.0.5.jar;C:\Users\Brena Sousa\.m2\repository\com\sun\istack\istack-commons-runtime\4.1.2\istack-commons-runtime-4.1.2.jar;C:\Users\Brena Sousa\.m2\repository\jakarta\inject\jakarta.inject-api\2.0.1\jakarta.inject-api-2.0.1.jar;C:\Users\Brena Sousa\.m2\repository\org\antlr\antlr4-runtime\4.13.0\antlr4-runtime-4.13.0.jar;C:\Users\Brena Sousa\.m2\repository\org\springframework\data\spring-data-jpa\3.5.0\spring-data-jpa-3.5.0.jar;C:\Users\Brena Sousa\.m2\repository\org\springframework\data\spring-data-commons\3.5.0\spring-data-commons-3.5.0.jar;C:\Users\Brena Sousa\.m2\repository\org\springframework\spring-orm\6.2.7\spring-orm-6.2.7.jar;C:\Users\Brena Sousa\.m2\repository\org\springframework\spring-context\6.2.7\spring-context-6.2.7.jar;C:\Users\Brena Sousa\.m2\repository\org\springframework\spring-aop\6.2.7\spring-aop-6.2.7.jar;C:\Users\Brena Sousa\.m2\repository\org\springframework\spring-tx\6.2.7\spring-tx-6.2.7.jar;C:\Users\Brena Sousa\.m2\repository\org\springframework\spring-beans\6.2.7\spring-beans-6.2.7.jar;C:\Users\Brena Sousa\.m2\repository\org\slf4j\slf4j-api\2.0.17\slf4j-api-2.0.17.jar;C:\Users\Brena Sousa\.m2\repository\org\springframework\spring-aspects\6.2.7\spring-aspects-6.2.7.jar;C:\Users\Brena Sousa\.m2\repository\org\aspectj\aspectjweaver\1.9.24\aspectjweaver-1.9.24.jar;C:\Users\Brena Sousa\.m2\repository\org\springframework\boot\spring-boot-starter-web\3.5.0\spring-boot-starter-web-3.5.0.jar;C:\Users\Brena Sousa\.m2\repository\org\springframework\boot\spring-boot-starter-json\3.5.0\spring-boot-starter-json-3.5.0.jar;C:\Users\Brena Sousa\.m2\repository\com\fasterxml\jackson\core\jackson-databind\2.19.0\jackson-databind-2.19.0.jar;C:\Users\Brena Sousa\.m2\repository\com\fasterxml\jackson\core\jackson-annotations\2.19.0\jackson-annotations-2.19.0.jar;C:\Users\Brena Sousa\.m2\repository\com\fasterxml\jackson\core\jackson-core\2.19.0\jackson-core-2.19.0.jar;C:\Users\Brena Sousa\.m2\repository\com\fasterxml\jackson\datatype\jackson-datatype-jdk8\2.19.0\jackson-datatype-jdk8-2.19.0.jar;C:\Users\Brena Sousa\.m2\repository\com\fasterxml\jackson\datatype\jackson-datatype-jsr310\2.19.0\jackson-datatype-jsr310-2.19.0.jar;C:\Users\Brena Sousa\.m2\repository\com\fasterxml\jackson\module\jackson-module-parameter-names\2.19.0\jackson-module-parameter-names-2.19.0.jar;C:\Users\Brena Sousa\.m2\repository\org\springframework\boot\spring-boot-starter-tomcat\3.5.0\spring-boot-starter-tomcat-3.5.0.jar;C:\Users\Brena Sousa\.m2\repository\org\apache\tomcat\embed\tomcat-embed-core\10.1.41\tomcat-embed-core-10.1.41.jar;C:\Users\Brena Sousa\.m2\repository\org\apache\tomcat\embed\tomcat-embed-el\10.1.41\tomcat-embed-el-10.1.41.jar;C:\Users\Brena Sousa\.m2\repository\org\apache\tomcat\embed\tomcat-embed-websocket\10.1.41\tomcat-embed-websocket-10.1.41.jar;C:\Users\Brena Sousa\.m2\repository\org\springframework\spring-web\6.2.7\spring-web-6.2.7.jar;C:\Users\Brena Sousa\.m2\repository\io\micrometer\micrometer-observation\1.15.0\micrometer-observation-1.15.0.jar;C:\Users\Brena Sousa\.m2\repository\io\micrometer\micrometer-commons\1.15.0\micrometer-commons-1.15.0.jar;C:\Users\Brena Sousa\.m2\repository\org\springframework\spring-webmvc\6.2.7\spring-webmvc-6.2.7.jar;C:\Users\Brena Sousa\.m2\repository\org\springframework\spring-expression\6.2.7\spring-expression-6.2.7.jar;C:\Users\Brena Sousa\.m2\repository\org\springframework\boot\spring-boot-devtools\3.5.0\spring-boot-devtools-3.5.0.jar;C:\Users\Brena Sousa\.m2\repository\org\springframework\boot\spring-boot\3.5.0\spring-boot-3.5.0.jar;C:\Users\Brena Sousa\.m2\repository\org\springframework\boot\spring-boot-autoconfigure\3.5.0\spring-boot-autoconfigure-3.5.0.jar;C:\Users\Brena Sousa\.m2\repository\org\postgresql\postgresql\42.7.3\postgresql-42.7.3.jar;C:\Users\Brena Sousa\.m2\repository\org\checkerframework\checker-qual\3.42.0\checker-qual-3.42.0.jar;C:\Users\Brena Sousa\.m2\repository\jakarta\xml\bind\jakarta.xml.bind-api\4.0.2\jakarta.xml.bind-api-4.0.2.jar;C:\Users\Brena Sousa\.m2\repository\jakarta\activation\jakarta.activation-api\2.1.3\jakarta.activation-api-2.1.3.jar;C:\Users\Brena Sousa\.m2\repository\org\springframework\spring-core\6.2.7\spring-core-6.2.7.jar;C:\Users\Brena Sousa\.m2\repository\org\springframework\spring-jcl\6.2.7\spring-jcl-6.2.7.jar
Launcher Type: SUN_STANDARD

[Global flags]
     intx CICompilerCount                          = 2                                         {product} {ergonomic}
     uint ConcGCThreads                            = 1                                         {product} {ergonomic}
     uint G1ConcRefinementThreads                  = 2                                         {product} {ergonomic}
   size_t G1HeapRegionSize                         = 1048576                                   {product} {ergonomic}
    uintx GCDrainStackTargetSize                   = 64                                        {product} {ergonomic}
   size_t InitialHeapSize                          = 65011712                                  {product} {ergonomic}
     bool ManagementServer                         = true                                      {product} {command line}
   size_t MarkStackSize                            = 4194304                                   {product} {ergonomic}
   size_t MaxHeapSize                              = 1027604480                                {product} {ergonomic}
   size_t MaxNewSize                               = 616562688                                 {product} {ergonomic}
   size_t MinHeapDeltaBytes                        = 1048576                                   {product} {ergonomic}
   size_t MinHeapSize                              = 8388608                                   {product} {ergonomic}
    uintx NonNMethodCodeHeapSize                   = 4096                                   {pd product} {ergonomic}
    uintx NonProfiledCodeHeapSize                  = 0                                      {pd product} {ergonomic}
     bool ProfileInterpreter                       = false                                  {pd product} {command line}
    uintx ProfiledCodeHeapSize                     = 0                                      {pd product} {ergonomic}
     bool ShowCodeDetailsInExceptionMessages       = true                                   {manageable} {command line}
   size_t SoftMaxHeapSize                          = 1027604480                             {manageable} {ergonomic}
     intx TieredStopAtLevel                        = 1                                         {product} {command line}
     bool UseCompressedOops                        = true                           {product lp64_product} {ergonomic}
     bool UseG1GC                                  = true                                      {product} {ergonomic}
     bool UseLargePagesIndividualAllocation        = false                                  {pd product} {ergonomic}

Logging:
Log output configuration:
 #0: stdout all=warning uptime,level,tags foldmultilines=false
 #1: stderr all=off uptime,level,tags foldmultilines=false

Environment Variables:
JAVA_HOME=C:\Program Files\Eclipse Adoptium\jdk-21.0.3.9-hotspot\
PATH=C:/Program Files/Eclipse Adoptium/jdk-21.0.3.9-hotspot/bin/server;C:/Program Files/Eclipse Adoptium/jdk-21.0.3.9-hotspot/bin;C:\Program Files\Eclipse Adoptium\jdk-21.0.3.9-hotspot\bin;C:\Windows\system32;C:\Windows;C:\Windows\System32\Wbem;C:\Windows\System32\WindowsPowerShell\v1.0\;C:\Windows\System32\OpenSSH\;C:\Program Files\Git\cmd;C:\Program Files\Docker\Docker\resources\bin;C:\Program Files\dotnet\;C:\Program Files\nodejs\;C:\ProgramData\chocolatey\bin;C:\Users\Brena Sousa\AppData\Local\Microsoft\WindowsApps;C:\Users\Brena Sousa\AppData\Local\Programs\Microsoft VS Code\bin;C:\Users\Brena Sousa\AppData\Roaming\npm;C:\Users\Brena Sousa\Desktop;
USERNAME=Brena Sousa
OS=Windows_NT
PROCESSOR_IDENTIFIER=Intel64 Family 6 Model 122 Stepping 8, GenuineIntel
TMP=C:\Users\BRENAS~1\AppData\Local\Temp
TEMP=C:\Users\BRENAS~1\AppData\Local\Temp




Periodic native trim disabled

---------------  S Y S T E M  ---------------

OS:
 Windows 10 , 64 bit Build 19041 (10.0.19041.5794)
OS uptime: 3 days 21:00 hours
Hyper-V role detected

CPU: total 2 (initial active 2) (2 cores per cpu, 1 threads per core) family 6 model 122 stepping 8 microcode 0x16, cx8, cmov, fxsr, mmx, 3dnowpref, sse, sse2, sse3, ssse3, sse4.1, sse4.2, popcnt, tsc, tscinvbit, aes, erms, clmul, sha, clflush, clflushopt, hv, rdtscp, rdpid
Processor Information for all 2 processors :
  Max Mhz: 1101, Current Mhz: 1101, Mhz Limit: 1101

Memory: 4k page, system-wide physical 3916M (247M free)
TotalPageFile size 12108M (AvailPageFile size 1M)
current process WorkingSet (physical memory assigned to process): 131M, peak: 131M
current process commit charge ("private bytes"): 162M, peak: 165M

vm_info: OpenJDK 64-Bit Server VM (21.0.3+9-LTS) for windows-amd64 JRE (21.0.3+9-LTS), built on 2024-04-16T00:00:00Z by "admin" with MS VC++ 17.7 (VS2022)

END.
